<?xml version="1.0" encoding="UTF-8"?>
<!-- Generated by org.testng.reporters.JUnitXMLReporter -->
<testsuite ignored="0" hostname="Mayanks-MacBook-Air.local" failures="1" tests="1" name=" Automation of Github " time="19.246" errors="0" timestamp="10 Jul 2020 23:33:59 GMT">
  <testcase classname="testcases.repoTestcases" name="repositoryTestcases" time="19.205">
    <failure type="org.openqa.selenium.ElementClickInterceptedException" message="element click intercepted: Element &amp;lt;g-emoji alias=&amp;quot;+1&amp;quot; fallback-src=&amp;quot;https://github.githubassets.com/images/icons/emoji/unicode/1f44d.png&amp;quot; class=&amp;quot;emoji&amp;quot;&amp;gt;...&amp;lt;/g-emoji&amp;gt; is not clickable at point (869, 400). Other element would receive the click: &amp;lt;button type=&amp;quot;submit&amp;quot; role=&amp;quot;menuitem&amp;quot; class=&amp;quot;btn-link col-3 flex-content-center flex-items-center no-underline add-reactions-options-item js-reaction-option-item&amp;quot; data-reaction-label=&amp;quot;-1&amp;quot; name=&amp;quot;input[content]&amp;quot; aria-label=&amp;quot;React with thumbs down emoji&amp;quot; value=&amp;quot;THUMBS_DOWN react&amp;quot;&amp;gt;...&amp;lt;/button&amp;gt;
  (Session info: chrome=83.0.4103.116)
Build info: version: &amp;apos;3.7.1&amp;apos;, revision: &amp;apos;8a0099a&amp;apos;, time: &amp;apos;2017-11-06T21:07:31.527Z&amp;apos;
System info: host: &amp;apos;Mayanks-MacBook-Air.local&amp;apos;, ip: &amp;apos;fe80:0:0:0:18ae:a74c:b4b8:82ec%en0&amp;apos;, os.name: &amp;apos;Mac OS X&amp;apos;, os.arch: &amp;apos;x86_64&amp;apos;, os.version: &amp;apos;10.15.5&amp;apos;, java.version: &amp;apos;12.0.2&amp;apos;
Driver info: org.openqa.selenium.chrome.ChromeDriver
Capabilities {acceptInsecureCerts: false, browserName: chrome, browserVersion: 83.0.4103.116, chrome: {chromedriverVersion: 83.0.4103.39 (ccbf011cb2d2b..., userDataDir: /var/folders/64/c2ry321d2yx...}, goog:chromeOptions: {debuggerAddress: localhost:51908}, javascriptEnabled: true, networkConnectionEnabled: false, pageLoadStrategy: none, platform: MAC, platformName: MAC, proxy: Proxy(), setWindowRect: true, strictFileInteractability: false, timeouts: {implicit: 0, pageLoad: 300000, script: 30000}, unhandledPromptBehavior: dismiss and notify, webauthn:virtualAuthenticators: true}
Session ID: 104444f191f32d04587469f106b7cf3e">
      <![CDATA[org.openqa.selenium.ElementClickInterceptedException: element click intercepted: Element <g-emoji alias="+1" fallback-src="https://github.githubassets.com/images/icons/emoji/unicode/1f44d.png" class="emoji">...</g-emoji> is not clickable at point (869, 400). Other element would receive the click: <button type="submit" role="menuitem" class="btn-link col-3 flex-content-center flex-items-center no-underline add-reactions-options-item js-reaction-option-item" data-reaction-label="-1" name="input[content]" aria-label="React with thumbs down emoji" value="THUMBS_DOWN react">...</button>  (Session info: chrome=83.0.4103.116)Build info: version: '3.7.1', revision: '8a0099a', time: '2017-11-06T21:07:31.527Z'System info: host: 'Mayanks-MacBook-Air.local', ip: 'fe80:0:0:0:18ae:a74c:b4b8:82ec%en0', os.name: 'Mac OS X', os.arch: 'x86_64', os.version: '10.15.5', java.version: '12.0.2'Driver info: org.openqa.selenium.chrome.ChromeDriverCapabilities {acceptInsecureCerts: false, browserName: chrome, browserVersion: 83.0.4103.116, chrome: {chromedriverVersion: 83.0.4103.39 (ccbf011cb2d2b..., userDataDir: /var/folders/64/c2ry321d2yx...}, goog:chromeOptions: {debuggerAddress: localhost:51908}, javascriptEnabled: true, networkConnectionEnabled: false, pageLoadStrategy: none, platform: MAC, platformName: MAC, proxy: Proxy(), setWindowRect: true, strictFileInteractability: false, timeouts: {implicit: 0, pageLoad: 300000, script: 30000}, unhandledPromptBehavior: dismiss and notify, webauthn:virtualAuthenticators: true}Session ID: 104444f191f32d04587469f106b7cf3eat org.openqa.selenium.remote.http.W3CHttpResponseCodec.createException(W3CHttpResponseCodec.java:187)at org.openqa.selenium.remote.http.W3CHttpResponseCodec.decode(W3CHttpResponseCodec.java:122)at org.openqa.selenium.remote.http.W3CHttpResponseCodec.decode(W3CHttpResponseCodec.java:49)at org.openqa.selenium.remote.HttpCommandExecutor.execute(HttpCommandExecutor.java:164)at org.openqa.selenium.remote.service.DriverCommandExecutor.execute(DriverCommandExecutor.java:83)at org.openqa.selenium.remote.RemoteWebDriver.execute(RemoteWebDriver.java:600)at org.openqa.selenium.remote.RemoteWebElement.execute(RemoteWebElement.java:279)at org.openqa.selenium.remote.RemoteWebElement.click(RemoteWebElement.java:83)at org.openqa.selenium.support.pagefactory.internal.LocatingElementHandler.invoke(LocatingElementHandler.java:51)at com.sun.proxy.$Proxy13.click(Unknown Source)at pages.createRepo.commentToIssues(createRepo.java:134)at testcases.repoTestcases.repositoryTestcases(repoTestcases.java:29)... Removed 34 stack frames]]>
    </failure>
  </testcase> <!-- repositoryTestcases -->
</testsuite> <!--  Automation of Github  -->
